[2017/12/8 14:26:07] 打开软件
[2017/12/8 14:26:19] 开始监测
[2017/12/8 14:27:03] 正常退出软件
[2017/12/8 14:27:18] 打开软件
[2017/12/8 14:27:23] 开始监测
[2017/12/8 14:27:43] 正常退出软件
[2017/12/8 14:28:38] 打开软件
[2017/12/8 14:28:44] 开始监测
[2017/12/8 14:29:10] 正常退出软件
[2017/12/8 14:30:34] 打开软件
[2017/12/8 14:30:39] 开始监测
[2017/12/8 15:00:46] 打开软件
[2017/12/8 15:00:57] 开始监测
[2017/12/8 15:06:00] 正常退出软件
[2017/12/8 15:22:05] 打开软件
[2017/12/8 15:22:10] 开始监测
[2017/12/8 15:22:15] 暂停监测
[2017/12/8 15:22:16] 开始监测
[2017/12/8 15:22:20] 停止监测
[2017/12/8 15:22:21] 开始监测
[2017/12/8 15:22:21] 暂停监测
[2017/12/8 15:22:22] 开始监测
[2017/12/8 15:22:22] 停止监测
[2017/12/8 15:22:23] 开始监测
[2017/12/8 15:22:23] 暂停监测
[2017/12/8 15:22:24] 开始监测
[2017/12/8 15:22:24] 暂停监测
[2017/12/8 15:22:25] 开始监测
[2017/12/8 15:22:25] 暂停监测
[2017/12/8 15:22:25] 开始监测
[2017/12/8 15:22:26] 暂停监测
[2017/12/8 15:22:26] 开始监测
[2017/12/8 15:22:26] 暂停监测
[2017/12/8 15:22:27] 开始监测
[2017/12/8 15:22:27] 暂停监测
[2017/12/8 15:22:27] 开始监测
[2017/12/8 15:22:28] 暂停监测
[2017/12/8 15:22:28] 开始监测
[2017/12/8 15:22:28] 暂停监测
[2017/12/8 15:22:29] 开始监测
[2017/12/8 15:22:29] 停止监测
[2017/12/8 15:22:30] 开始监测
[2017/12/8 15:22:30] 停止监测
[2017/12/8 15:22:31] 开始监测
[2017/12/8 15:22:33] 暂停监测
[2017/12/8 15:22:41] 开始监测
[2017/12/8 15:22:50] 正常退出软件
[2017/12/8 22:29:50] 打开软件
[2017/12/8 22:30:09] 开始监测
[2017/12/8 22:30:15] 暂停监测
[2017/12/8 22:30:44] 正常退出软件
[2017/12/15 16:39:14] 打开软件
[2017/12/15 16:39:21] 开始监测
[2017/12/15 16:39:28] 正常退出软件
